#
# There is insufficient memory for the Java Runtime Environment to continue.
# Native memory allocation (mmap) failed to map 100663296 bytes for G1 virtual space
# Possible reasons:
#   The system is out of physical RAM or swap space
#   The process is running with CompressedOops enabled, and the Java Heap may be blocking the growth of the native heap
# Possible solutions:
#   Reduce memory load on the system
#   Increase physical memory or swap space
#   Check if swap backing store is full
#   Decrease Java heap size (-Xmx/-Xms)
#   Decrease number of Java threads
#   Decrease Java thread stack sizes (-Xss)
#   Set larger code cache with -XX:ReservedCodeCacheSize=
#   JVM is running with Unscaled Compressed Oops mode in which the Java heap is
#     placed in the first 4GB address space. The Java Heap base address is the
#     maximum limit for the native heap growth. Please use -XX:HeapBaseMinAddress
#     to set the Java Heap base and to place the Java Heap above 4GB virtual address.
# This output file may be truncated or incomplete.
#
#  Out of Memory Error (os_windows.cpp:3548), pid=5064, tid=10420
#
# JRE version:  (17.0.12+8) (build )
# Java VM: Java HotSpot(TM) 64-Bit Server VM (17.0.12+8-LTS-286, mixed mode, emulated-client, sharing, tiered, compressed oops, compressed class ptrs, g1 gc, windows-amd64)
# No core dump will be written. Minidumps are not enabled by default on client versions of Windows
#

---------------  S U M M A R Y ------------

Command Line: -Dcom.sun.management.jmxremote -Dcom.sun.management.jmxremote.port=50040 -Dcom.sun.management.jmxremote.authenticate=false -Dcom.sun.management.jmxremote.ssl=false -Djava.rmi.server.hostname=localhost -Dspring.jmx.enabled=true -Dmanagement.endpoints.jmx.exposure.include=* -Dspring.application.admin.enabled=true -XX:TieredStopAtLevel=1 -Dspring.boot.project.name=MotherBoardBack-End -Dfile.encoding=UTF-8 -Dstdout.encoding=UTF-8 -Dstderr.encoding=UTF-8 -XX:+ShowCodeDetailsInExceptionMessages com.MotherBoard.Admin.MotherBoardBackEndApplication --spring.output.ansi.enabled=always

Host: AMD Athlon 3000G with Radeon Vega Graphics     , 4 cores, 5G,  Windows 10 , 64 bit Build 19041 (10.0.19041.4717)
Time: Sat Aug 24 15:06:15 2024 Hora oficial do Brasil elapsed time: 0.011084 seconds (0d 0h 0m 0s)

---------------  T H R E A D  ---------------

Current thread (0x0000013dcd9a5720):  JavaThread "Unknown thread" [_thread_in_vm, id=10420, stack(0x0000001017000000,0x0000001017100000)]

Stack: [0x0000001017000000,0x0000001017100000]
Native frames: (J=compiled Java code, j=interpreted, Vv=VM code, C=native code)
V  [jvm.dll+0x67a04a]
V  [jvm.dll+0x7da4ed]
V  [jvm.dll+0x7dbe33]
V  [jvm.dll+0x7dc4a3]
V  [jvm.dll+0x24508f]
V  [jvm.dll+0x677089]
V  [jvm.dll+0x66bd32]
V  [jvm.dll+0x301fa6]
V  [jvm.dll+0x309546]
V  [jvm.dll+0x359d2e]
V  [jvm.dll+0x359f5f]
V  [jvm.dll+0x2d9078]
V  [jvm.dll+0x2d9fe4]
V  [jvm.dll+0x7aca21]
V  [jvm.dll+0x367591]
V  [jvm.dll+0x78b999]
V  [jvm.dll+0x3ec83f]
V  [jvm.dll+0x3ee471]
C  [jli.dll+0x5297]
C  [ucrtbase.dll+0x21bb2]
C  [KERNEL32.DLL+0x17374]
C  [ntdll.dll+0x4cc91]


---------------  P R O C E S S  ---------------

Threads class SMR info:
_java_thread_list=0x00007ffa63067a18, length=0, elements={
}

Java Threads: ( => current thread )

Other Threads:
  0x0000013dcd9eefe0 GCTaskThread "GC Thread#0" [stack: 0x0000001017100000,0x0000001017200000] [id=8444]
  0x0000013dcd9fd3f0 ConcurrentGCThread "G1 Main Marker" [stack: 0x0000001017200000,0x0000001017300000] [id=10804]
  0x0000013dcd9fed20 ConcurrentGCThread "G1 Conc#0" [stack: 0x0000001017300000,0x0000001017400000] [id=9420]

[error occurred during error reporting (printing all threads), id 0xc0000005, EXCEPTION_ACCESS_VIOLATION (0xc0000005) at pc=0x00007ffa62899b67]

VM state: not at safepoint (not fully initialized)

VM Mutex/Monitor currently owned by a thread:  ([mutex/lock_event])
[0x0000013dcd9a1940] Heap_lock - owner thread: 0x0000013dcd9a5720

Heap address: 0x00000000a1000000, size: 1520 MB, Compressed Oops mode: 32-bit

CDS archive(s) mapped at: [0x0000000000000000-0x0000000000000000-0x0000000000000000), size 0, SharedBaseAddress: 0x0000000800000000, ArchiveRelocationMode: 1.
Narrow klass base: 0x0000000000000000, Narrow klass shift: 0, Narrow klass range: 0x0

GC Precious Log:
<Empty>

Heap:
 garbage-first heap   total 0K, used 0K [0x00000000a1000000, 0x0000000100000000)
  region size 1024K, 0 young (0K), 0 survivors (0K)

[error occurred during error reporting (printing heap information), id 0xc0000005, EXCEPTION_ACCESS_VIOLATION (0xc0000005) at pc=0x00007ffa62c83859]

GC Heap History (0 events):
No events

Deoptimization events (0 events):
No events

Classes unloaded (0 events):
No events

Classes redefined (0 events):
No events

Internal exceptions (0 events):
No events

VM Operations (0 events):
No events

Events (1 events):
Event: 0.007 Loaded shared library C:\Program Files\Java\jdk-17\bin\java.dll


Dynamic libraries:
0x00007ff6091c0000 - 0x00007ff6091d0000 	C:\Program Files\Java\jdk-17\bin\javaw.exe
0x00007ffaaa710000 - 0x00007ffaaa908000 	C:\Windows\SYSTEM32\ntdll.dll
0x00007ffaa8740000 - 0x00007ffaa8801000 	C:\Windows\System32\KERNEL32.DLL
0x00007ffaa83d0000 - 0x00007ffaa86cd000 	C:\Windows\System32\KERNELBASE.dll
0x00007ffaa82d0000 - 0x00007ffaa83d0000 	C:\Windows\System32\ucrtbase.dll
0x00007ffa94d70000 - 0x00007ffa94d89000 	C:\Program Files\Java\jdk-17\bin\jli.dll
0x00007ffaa95e0000 - 0x00007ffaa9690000 	C:\Windows\System32\ADVAPI32.dll
0x00007ffa93480000 - 0x00007ffa9349b000 	C:\Program Files\Java\jdk-17\bin\VCRUNTIME140.dll
0x00007ffaa94c0000 - 0x00007ffaa955e000 	C:\Windows\System32\msvcrt.dll
0x00007ffaa96f0000 - 0x00007ffaa9790000 	C:\Windows\System32\sechost.dll
0x00007ffaa89a0000 - 0x00007ffaa8ac3000 	C:\Windows\System32\RPCRT4.dll
0x00007ffaa82a0000 - 0x00007ffaa82c7000 	C:\Windows\System32\bcrypt.dll
0x00007ffaaa4b0000 - 0x00007ffaaa64d000 	C:\Windows\System32\USER32.dll
0x00007ffa8f9b0000 - 0x00007ffa8fc4a000 	C:\Windows\WinSxS\amd64_microsoft.windows.common-controls_6595b64144ccf1df_6.0.19041.4355_none_60b8b9eb71f62e16\COMCTL32.dll
0x00007ffaa8270000 - 0x00007ffaa8292000 	C:\Windows\System32\win32u.dll
0x00007ffaa8cb0000 - 0x00007ffaa8cdb000 	C:\Windows\System32\GDI32.dll
0x00007ffaa7ef0000 - 0x00007ffaa8007000 	C:\Windows\System32\gdi32full.dll
0x00007ffaa7e50000 - 0x00007ffaa7eed000 	C:\Windows\System32\msvcp_win.dll
0x00007ffa9fe50000 - 0x00007ffa9fe5a000 	C:\Windows\SYSTEM32\VERSION.dll
0x00007ffaa8960000 - 0x00007ffaa898f000 	C:\Windows\System32\IMM32.DLL
0x00007ffaa4510000 - 0x00007ffaa451c000 	C:\Program Files\Java\jdk-17\bin\vcruntime140_1.dll
0x00007ffa8ad20000 - 0x00007ffa8adae000 	C:\Program Files\Java\jdk-17\bin\msvcp140.dll
0x00007ffa625b0000 - 0x00007ffa63190000 	C:\Program Files\Java\jdk-17\bin\server\jvm.dll
0x00007ffaa8990000 - 0x00007ffaa8998000 	C:\Windows\System32\PSAPI.DLL
0x00007ffa9fe60000 - 0x00007ffa9fe87000 	C:\Windows\SYSTEM32\WINMM.dll
0x00007ffa9d2b0000 - 0x00007ffa9d2b9000 	C:\Windows\SYSTEM32\WSOCK32.dll
0x00007ffaaa1b0000 - 0x00007ffaaa21b000 	C:\Windows\System32\WS2_32.dll
0x00007ffaa5c60000 - 0x00007ffaa5c72000 	C:\Windows\SYSTEM32\kernel.appcore.dll
0x00007ffa9a7a0000 - 0x00007ffa9a7aa000 	C:\Program Files\Java\jdk-17\bin\jimage.dll
0x00007ffaa1630000 - 0x00007ffaa1814000 	C:\Windows\SYSTEM32\DBGHELP.DLL
0x00007ffa94200000 - 0x00007ffa94234000 	C:\Windows\SYSTEM32\dbgcore.DLL
0x00007ffaa7dc0000 - 0x00007ffaa7e42000 	C:\Windows\System32\bcryptPrimitives.dll
0x00007ffa926f0000 - 0x00007ffa92715000 	C:\Program Files\Java\jdk-17\bin\java.dll

dbghelp: loaded successfully - version: 4.0.5 - missing functions: none
symbol engine: initialized successfully - sym options: 0x614 - pdb path: .;C:\Program Files\Java\jdk-17\bin;C:\Windows\SYSTEM32;C:\Windows\WinSxS\amd64_microsoft.windows.common-controls_6595b64144ccf1df_6.0.19041.4355_none_60b8b9eb71f62e16;C:\Program Files\Java\jdk-17\bin\server

VM Arguments:
jvm_args: -Dcom.sun.management.jmxremote -Dcom.sun.management.jmxremote.port=50040 -Dcom.sun.management.jmxremote.authenticate=false -Dcom.sun.management.jmxremote.ssl=false -Djava.rmi.server.hostname=localhost -Dspring.jmx.enabled=true -Dmanagement.endpoints.jmx.exposure.include=* -Dspring.application.admin.enabled=true -XX:TieredStopAtLevel=1 -Dspring.boot.project.name=MotherBoardBack-End -Dfile.encoding=UTF-8 -Dstdout.encoding=UTF-8 -Dstderr.encoding=UTF-8 -XX:+ShowCodeDetailsInExceptionMessages 
java_command: com.MotherBoard.Admin.MotherBoardBackEndApplication --spring.output.ansi.enabled=always
java_class_path (initial): C:\TCC\TCC\TCC-FINAL-BACKEND\MotherBoardWeb\MotherBoardBack-End\target\classes;C:\TCC\TCC\TCC-FINAL-BACKEND\MotherBoardComum\target\classes;C:\Users\myornis\.m2\repository\org\springframework\boot\spring-boot-starter-data-jpa\3.3.2\spring-boot-starter-data-jpa-3.3.2.jar;C:\Users\myornis\.m2\repository\org\springframework\boot\spring-boot-starter-aop\3.3.2\spring-boot-starter-aop-3.3.2.jar;C:\Users\myornis\.m2\repository\org\aspectj\aspectjweaver\1.9.22.1\aspectjweaver-1.9.22.1.jar;C:\Users\myornis\.m2\repository\org\springframework\boot\spring-boot-starter-jdbc\3.3.2\spring-boot-starter-jdbc-3.3.2.jar;C:\Users\myornis\.m2\repository\com\zaxxer\HikariCP\5.1.0\HikariCP-5.1.0.jar;C:\Users\myornis\.m2\repository\org\springframework\spring-jdbc\6.1.11\spring-jdbc-6.1.11.jar;C:\Users\myornis\.m2\repository\org\hibernate\orm\hibernate-core\6.5.2.Final\hibernate-core-6.5.2.Final.jar;C:\Users\myornis\.m2\repository\jakarta\persistence\jakarta.persistence-api\3.1.0\jakarta.persistence-api-3.1.0.jar;C:\Users\myornis\.m2\repository\jakarta\transaction\jakarta.transaction-api\2.0.1\jakarta.transaction-api-2.0.1.jar;C:\Users\myornis\.m2\repository\org\jboss\logging\jboss-logging\3.5.3.Final\jboss-logging-3.5.3.Final.jar;C:\Users\myornis\.m2\repository\org\hibernate\common\hibernate-commons-annotations\6.0.6.Final\hibernate-commons-annotations-6.0.6.Final.jar;C:\Users\myornis\.m2\repository\io\smallrye\jandex\3.1.2\jandex-3.1.2.jar;C:\Users\myornis\.m2\repository\com\fasterxml\classmate\1.7.0\classmate-1.7.0.jar;C:\Users\myornis\.m2\repository\org\glassfish\jaxb\jaxb-runtime\4.0.5\jaxb-runtime-4.0.5.jar;C:\Users\myornis\.m2\repository\org\glassfish\jaxb\jaxb-core\4.0.5\jaxb-core-4.0.5.jar;C:\Users\myornis\.m2\repository\org\eclipse\angus\angus-activation\2.0.2\angus-activation-2.0.2.jar;C:\Users\myornis\.m2\repository\org\glassfish\jaxb\txw2\4.0.5\txw2-4.0.5.jar;C:\Users\myornis\.m2\repository\com\sun\istack\istack-commons-runtime\4.1.2\istack-commons-
Launcher Type: SUN_STANDARD

[Global flags]
     intx CICompilerCount                          = 3                                         {product} {ergonomic}
     uint ConcGCThreads                            = 1                                         {product} {ergonomic}
     uint G1ConcRefinementThreads                  = 4                                         {product} {ergonomic}
   size_t G1HeapRegionSize                         = 1048576                                   {product} {ergonomic}
    uintx GCDrainStackTargetSize                   = 64                                        {product} {ergonomic}
   size_t InitialHeapSize                          = 100663296                                 {product} {ergonomic}
     bool ManagementServer                         = true                                      {product} {command line}
   size_t MarkStackSize                            = 4194304                                   {product} {ergonomic}
   size_t MaxHeapSize                              = 1593835520                                {product} {ergonomic}
   size_t MinHeapDeltaBytes                        = 1048576                                   {product} {ergonomic}
   size_t MinHeapSize                              = 8388608                                   {product} {ergonomic}
    uintx NonProfiledCodeHeapSize                  = 0                                      {pd product} {ergonomic}
     bool ProfileInterpreter                       = false                                  {pd product} {command line}
    uintx ProfiledCodeHeapSize                     = 0                                      {pd product} {ergonomic}
     bool ShowCodeDetailsInExceptionMessages       = true                                   {manageable} {command line}
   size_t SoftMaxHeapSize                          = 1593835520                             {manageable} {ergonomic}
     intx TieredStopAtLevel                        = 1                                         {product} {command line}
     bool UseCompressedClassPointers               = true                           {product lp64_product} {ergonomic}
     bool UseCompressedOops                        = true                           {product lp64_product} {ergonomic}
     bool UseG1GC                                  = true                                      {product} {ergonomic}
     bool UseLargePagesIndividualAllocation        = false                                  {pd product} {ergonomic}

Logging:
Log output configuration:
 #0: stdout all=warning uptime,level,tags
 #1: stderr all=off uptime,level,tags

Environment Variables:
JAVA_HOME=C:\Program Files\Java\jdk-17
PATH=C:/Program Files/STS-4.24.0//plugins/org.eclipse.justj.openjdk.hotspot.jre.full.win32.x86_64_21.0.3.v20240426-1530/jre/bin/server;C:/Program Files/STS-4.24.0//plugins/org.eclipse.justj.openjdk.hotspot.jre.full.win32.x86_64_21.0.3.v20240426-1530/jre/bin;C:\Program Files\Java\jdk-17\bin;C:\Program Files\Common Files\Oracle\Java\javapath;C:\Windows\system32;C:\Windows;C:\Windows\System32\Wbem;C:\Windows\System32\WindowsPowerShell\v1.0\;C:\Windows\System32\OpenSSH\;C:\Program Files\Git\cmd;C:\Program Files (x86)\Microsoft SQL Server\160\Tools\Binn\;C:\Program Files\Microsoft SQL Server\160\Tools\Binn\;C:\Program Files\Microsoft SQL Server\Client SDK\ODBC\170\Tools\Binn\;C:\Program Files\Microsoft SQL Server\160\DTS\Binn\;C:\Program Files (x86)\Microsoft SQL Server\160\DTS\Binn\;C:\Users\myornis\AppData\Local\Microsoft\WindowsApps;C:\Users\myornis\AppData\Local\Programs\Microsoft VS Code\bin;C:\Program Files\STS-4.24.0;
USERNAME=myornis
OS=Windows_NT
PROCESSOR_IDENTIFIER=AMD64 Family 23 Model 24 Stepping 1, AuthenticAMD



---------------  S Y S T E M  ---------------

OS:
 Windows 10 , 64 bit Build 19041 (10.0.19041.4717)
OS uptime: 4 days 9:47 hours

CPU: total 4 (initial active 4) (4 cores per cpu, 2 threads per core) family 23 model 24 stepping 1 microcode 0x0, cx8, cmov, fxsr, ht, mmx, 3dnowpref, sse, sse2, sse3, ssse3, sse4a, sse4.1, sse4.2, popcnt, lzcnt, tsc, tscinvbit, avx, avx2, aes, clmul, bmi1, bmi2, adx, sha, fma, vzeroupper, clflush, clflushopt

Memory: 4k page, system-wide physical 6073M (960M free)
TotalPageFile size 24505M (AvailPageFile size 14M)
current process WorkingSet (physical memory assigned to process): 10M, peak: 10M
current process commit charge ("private bytes"): 46M, peak: 142M

vm_info: Java HotSpot(TM) 64-Bit Server VM (17.0.12+8-LTS-286) for windows-amd64 JRE (17.0.12+8-LTS-286), built on Jun  5 2024 06:46:59 by "mach5one" with MS VC++ 17.6 (VS2022)

END.
