#
# There is insufficient memory for the Java Runtime Environment to continue.
# Native memory allocation (mmap) failed to map 10485760 bytes for G1 virtual space
# Possible reasons:
#   The system is out of physical RAM or swap space
#   The process is running with CompressedOops enabled, and the Java Heap may be blocking the growth of the native heap
# Possible solutions:
#   Reduce memory load on the system
#   Increase physical memory or swap space
#   Check if swap backing store is full
#   Decrease Java heap size (-Xmx/-Xms)
#   Decrease number of Java threads
#   Decrease Java thread stack sizes (-Xss)
#   Set larger code cache with -XX:ReservedCodeCacheSize=
#   JVM is running with Unscaled Compressed Oops mode in which the Java heap is
#     placed in the first 4GB address space. The Java Heap base address is the
#     maximum limit for the native heap growth. Please use -XX:HeapBaseMinAddress
#     to set the Java Heap base and to place the Java Heap above 4GB virtual address.
# This output file may be truncated or incomplete.
#
#  Out of Memory Error (os_windows.cpp:3548), pid=5160, tid=12056
#
# JRE version: Java(TM) SE Runtime Environment (17.0.12+8) (build 17.0.12+8-LTS-286)
# Java VM: Java HotSpot(TM) 64-Bit Server VM (17.0.12+8-LTS-286, mixed mode, emulated-client, sharing, tiered, compressed oops, compressed class ptrs, g1 gc, windows-amd64)
# No core dump will be written. Minidumps are not enabled by default on client versions of Windows
#

---------------  S U M M A R Y ------------

Command Line: -Dcom.sun.management.jmxremote -Dcom.sun.management.jmxremote.port=49986 -Dcom.sun.management.jmxremote.authenticate=false -Dcom.sun.management.jmxremote.ssl=false -Djava.rmi.server.hostname=localhost -Dspring.jmx.enabled=true -Dmanagement.endpoints.jmx.exposure.include=* -Dspring.application.admin.enabled=true -XX:TieredStopAtLevel=1 -Dspring.boot.project.name=MotherBoardBack-End -Dfile.encoding=UTF-8 -Dstdout.encoding=UTF-8 -Dstderr.encoding=UTF-8 -XX:+ShowCodeDetailsInExceptionMessages com.MotherBoard.Admin.MotherBoardBackEndApplication --spring.output.ansi.enabled=always

Host: AMD Athlon 3000G with Radeon Vega Graphics     , 4 cores, 5G,  Windows 10 , 64 bit Build 19041 (10.0.19041.4717)
Time: Sat Aug 24 15:03:50 2024 Hora oficial do Brasil elapsed time: 19.742092 seconds (0d 0h 0m 19s)

---------------  T H R E A D  ---------------

Current thread (0x000001c9ffcfb100):  VMThread "VM Thread" [stack: 0x0000007e61e00000,0x0000007e61f00000] [id=12056]

Stack: [0x0000007e61e00000,0x0000007e61f00000]
Native frames: (J=compiled Java code, j=interpreted, Vv=VM code, C=native code)
V  [jvm.dll+0x67a04a]
V  [jvm.dll+0x7da4ed]
V  [jvm.dll+0x7dbe33]
V  [jvm.dll+0x7dc4a3]
V  [jvm.dll+0x24508f]
V  [jvm.dll+0x677089]
V  [jvm.dll+0x66bd32]
V  [jvm.dll+0x301fa6]
V  [jvm.dll+0x309546]
V  [jvm.dll+0x359d2e]
V  [jvm.dll+0x359f5f]
V  [jvm.dll+0x2d9078]
V  [jvm.dll+0x2dc0e6]
V  [jvm.dll+0x2e67eb]
V  [jvm.dll+0x31a870]
V  [jvm.dll+0x7e0d9b]
V  [jvm.dll+0x7e1ad4]
V  [jvm.dll+0x7e1fed]
V  [jvm.dll+0x7e23c4]
V  [jvm.dll+0x7e2490]
V  [jvm.dll+0x78abea]
V  [jvm.dll+0x678f35]
C  [ucrtbase.dll+0x21bb2]
C  [KERNEL32.DLL+0x17374]
C  [ntdll.dll+0x4cc91]

VM_Operation (0x0000007e61aff7b0): G1Concurrent, mode: safepoint, requested by thread 0x000001c9f717c270


---------------  P R O C E S S  ---------------

Threads class SMR info:
_java_thread_list=0x000001c9d0e041f0, length=26, elements={
0x000001c9f7122ad0, 0x000001c9ffcff010, 0x000001c9ffd01db0, 0x000001c9ffd15f20,
0x000001c9ffd19910, 0x000001c9ffd1a1e0, 0x000001c9ffd1aab0, 0x000001c9ffd1ec90,
0x000001c9ffd279b0, 0x000001c9ffd8e6b0, 0x000001c9899c8500, 0x000001c9cf1a7060,
0x000001c9cf19aa90, 0x000001c9cf191c20, 0x000001c9cf437e60, 0x000001c9cf4caca0,
0x000001c9cf549f30, 0x000001c9cf555740, 0x000001c9cf554d20, 0x000001c9cf555c50,
0x000001c9cf555230, 0x000001c9cf554810, 0x000001c9cf5524a0, 0x000001c9cf5529b0,
0x000001c9cf552ec0, 0x000001c9d097d440
}

Java Threads: ( => current thread )
  0x000001c9f7122ad0 JavaThread "main" [_thread_blocked, id=5400, stack(0x0000007e61800000,0x0000007e61900000)]
  0x000001c9ffcff010 JavaThread "Reference Handler" daemon [_thread_blocked, id=5404, stack(0x0000007e61f00000,0x0000007e62000000)]
  0x000001c9ffd01db0 JavaThread "Finalizer" daemon [_thread_blocked, id=13228, stack(0x0000007e62000000,0x0000007e62100000)]
  0x000001c9ffd15f20 JavaThread "Signal Dispatcher" daemon [_thread_blocked, id=12992, stack(0x0000007e62100000,0x0000007e62200000)]
  0x000001c9ffd19910 JavaThread "Attach Listener" daemon [_thread_blocked, id=6304, stack(0x0000007e62200000,0x0000007e62300000)]
  0x000001c9ffd1a1e0 JavaThread "Service Thread" daemon [_thread_blocked, id=8624, stack(0x0000007e62300000,0x0000007e62400000)]
  0x000001c9ffd1aab0 JavaThread "Monitor Deflation Thread" daemon [_thread_blocked, id=9408, stack(0x0000007e62400000,0x0000007e62500000)]
  0x000001c9ffd1ec90 JavaThread "C1 CompilerThread0" daemon [_thread_blocked, id=4340, stack(0x0000007e62500000,0x0000007e62600000)]
  0x000001c9ffd279b0 JavaThread "Sweeper thread" daemon [_thread_blocked, id=6588, stack(0x0000007e62600000,0x0000007e62700000)]
  0x000001c9ffd8e6b0 JavaThread "Common-Cleaner" daemon [_thread_blocked, id=12900, stack(0x0000007e62700000,0x0000007e62800000)]
  0x000001c9899c8500 JavaThread "Notification Thread" daemon [_thread_blocked, id=3832, stack(0x0000007e62900000,0x0000007e62a00000)]
  0x000001c9cf1a7060 JavaThread "RMI TCP Accept-0" daemon [_thread_in_native, id=10972, stack(0x0000007e62a00000,0x0000007e62b00000)]
  0x000001c9cf19aa90 JavaThread "RMI TCP Accept-49986" daemon [_thread_in_native, id=5344, stack(0x0000007e62b00000,0x0000007e62c00000)]
  0x000001c9cf191c20 JavaThread "RMI TCP Accept-0" daemon [_thread_in_native, id=3008, stack(0x0000007e62c00000,0x0000007e62d00000)]
  0x000001c9cf437e60 JavaThread "RMI TCP Connection(1)-127.0.0.1" daemon [_thread_in_native, id=10560, stack(0x0000007e63300000,0x0000007e63400000)]
  0x000001c9cf4caca0 JavaThread "RMI Scheduler(0)" daemon [_thread_blocked, id=5948, stack(0x0000007e63400000,0x0000007e63500000)]
  0x000001c9cf549f30 JavaThread "RMI TCP Connection(2)-127.0.0.1" daemon [_thread_blocked, id=12652, stack(0x0000007e63500000,0x0000007e63600000)]
  0x000001c9cf555740 JavaThread "JMX server connection timeout 21" daemon [_thread_blocked, id=120, stack(0x0000007e63600000,0x0000007e63700000)]
  0x000001c9cf554d20 JavaThread "Thread-0" [_thread_blocked, id=11104, stack(0x0000007e63700000,0x0000007e63800000)]
  0x000001c9cf555c50 JavaThread "restartedMain" [_thread_blocked, id=4844, stack(0x0000007e63800000,0x0000007e63900000)]
  0x000001c9cf555230 JavaThread "Catalina-utility-1" [_thread_blocked, id=10220, stack(0x0000007e63a00000,0x0000007e63b00000)]
  0x000001c9cf554810 JavaThread "Catalina-utility-2" [_thread_blocked, id=12368, stack(0x0000007e63b00000,0x0000007e63c00000)]
  0x000001c9cf5524a0 JavaThread "container-0" [_thread_blocked, id=11852, stack(0x0000007e63c00000,0x0000007e63d00000)]
  0x000001c9cf5529b0 JavaThread "mssql-jdbc-shared-timer-core-0" daemon [_thread_blocked, id=10496, stack(0x0000007e63d00000,0x0000007e63e00000)]
  0x000001c9cf552ec0 JavaThread "HikariPool-1 housekeeper" daemon [_thread_blocked, id=5560, stack(0x0000007e63e00000,0x0000007e63f00000)]
  0x000001c9d097d440 JavaThread "C1 CompilerThread1" daemon [_thread_blocked, id=9920, stack(0x0000007e62800000,0x0000007e62900000)]

Other Threads:
=>0x000001c9ffcfb100 VMThread "VM Thread" [stack: 0x0000007e61e00000,0x0000007e61f00000] [id=12056]
  0x000001c9cf19a1b0 WatcherThread [stack: 0x0000007e62d00000,0x0000007e62e00000] [id=13048]
  0x000001c9f716ee70 GCTaskThread "GC Thread#0" [stack: 0x0000007e61900000,0x0000007e61a00000] [id=9420]
  0x000001c9cf19b7d0 GCTaskThread "GC Thread#1" [stack: 0x0000007e62e00000,0x0000007e62f00000] [id=9944]
  0x000001c9cf3fdbe0 GCTaskThread "GC Thread#2" [stack: 0x0000007e62f00000,0x0000007e63000000] [id=9316]
  0x000001c9cf4259c0 GCTaskThread "GC Thread#3" [stack: 0x0000007e63000000,0x0000007e63100000] [id=1920]
  0x000001c9f717c270 ConcurrentGCThread "G1 Main Marker" [stack: 0x0000007e61a00000,0x0000007e61b00000] [id=8184]
  0x000001c9f717dba0 ConcurrentGCThread "G1 Conc#0" [stack: 0x0000007e61b00000,0x0000007e61c00000] [id=8000]
  0x000001c9ffbc24c0 ConcurrentGCThread "G1 Refine#0" [stack: 0x0000007e61c00000,0x0000007e61d00000] [id=10892]
  0x000001c9cf426890 ConcurrentGCThread "G1 Refine#1" [stack: 0x0000007e63100000,0x0000007e63200000] [id=9424]
  0x000001c989adb500 ConcurrentGCThread "G1 Refine#2" [stack: 0x0000007e63200000,0x0000007e63300000] [id=1096]
  0x000001c9ffbc2e00 ConcurrentGCThread "G1 Service" [stack: 0x0000007e61d00000,0x0000007e61e00000] [id=8700]

Threads with active compile tasks:

VM state: at safepoint (normal execution)

VM Mutex/Monitor currently owned by a thread:  ([mutex/lock_event])
[0x000001c9f711e5d0] Threads_lock - owner thread: 0x000001c9ffcfb100
[0x000001c9f711dfa0] Heap_lock - owner thread: 0x000001c9f717c270

Heap address: 0x00000000a1000000, size: 1520 MB, Compressed Oops mode: 32-bit

CDS archive(s) mapped at: [0x000001c98a000000-0x000001c98abd0000-0x000001c98abd0000), size 12386304, SharedBaseAddress: 0x000001c98a000000, ArchiveRelocationMode: 1.
Compressed class space mapped at: 0x000001c98b000000-0x000001c9cb000000, reserved size: 1073741824
Narrow klass base: 0x000001c98a000000, Narrow klass shift: 0, Narrow klass range: 0x100000000

GC Precious Log:
 CPUs: 4 total, 4 available
 Memory: 6073M
 Large Page Support: Disabled
 NUMA Support: Disabled
 Compressed Oops: Enabled (32-bit)
 Heap Region Size: 1M
 Heap Min Capacity: 8M
 Heap Initial Capacity: 96M
 Heap Max Capacity: 1520M
 Pre-touch: Disabled
 Parallel Workers: 4
 Concurrent Workers: 1
 Concurrent Refinement Workers: 4
 Periodic GC: Disabled

Heap:
 garbage-first heap   total 51200K, used 34856K [0x00000000a1000000, 0x0000000100000000)
  region size 1024K, 10 young (10240K), 2 survivors (2048K)
 Metaspace       used 63780K, committed 64384K, reserved 1114112K
  class space    used 9268K, committed 9536K, reserved 1048576K

Heap Regions: E=young(eden), S=young(survivor), O=old, HS=humongous(starts), HC=humongous(continues), CS=collection set, F=free, OA=open archive, CA=closed archive, TAMS=top-at-mark-start (previous, next)
|   0|0x00000000a1000000, 0x00000000a1100000, 0x00000000a1100000|100%|HS|  |TAMS 0x00000000a1100000, 0x00000000a1000000| Complete 
|   1|0x00000000a1100000, 0x00000000a1200000, 0x00000000a1200000|100%| O|  |TAMS 0x00000000a1200000, 0x00000000a1100000| Untracked 
|   2|0x00000000a1200000, 0x00000000a1300000, 0x00000000a1300000|100%| O|  |TAMS 0x00000000a1300000, 0x00000000a1200000| Untracked 
|   3|0x00000000a1300000, 0x00000000a1400000, 0x00000000a1400000|100%| O|  |TAMS 0x00000000a1400000, 0x00000000a1300000| Untracked 
|   4|0x00000000a1400000, 0x00000000a1500000, 0x00000000a1500000|100%| O|  |TAMS 0x00000000a1500000, 0x00000000a1400000| Untracked 
|   5|0x00000000a1500000, 0x00000000a1600000, 0x00000000a1600000|100%| O|  |TAMS 0x00000000a1600000, 0x00000000a1500000| Untracked 
|   6|0x00000000a1600000, 0x00000000a1700000, 0x00000000a1700000|100%| O|  |TAMS 0x00000000a1700000, 0x00000000a1600000| Untracked 
|   7|0x00000000a1700000, 0x00000000a1800000, 0x00000000a1800000|100%| O|  |TAMS 0x00000000a1800000, 0x00000000a1700000| Untracked 
|   8|0x00000000a1800000, 0x00000000a1900000, 0x00000000a1900000|100%| O|  |TAMS 0x00000000a1900000, 0x00000000a1800000| Untracked 
|   9|0x00000000a1900000, 0x00000000a1a00000, 0x00000000a1a00000|100%| O|  |TAMS 0x00000000a1a00000, 0x00000000a1900000| Untracked 
|  10|0x00000000a1a00000, 0x00000000a1b00000, 0x00000000a1b00000|100%| O|  |TAMS 0x00000000a1b00000, 0x00000000a1a00000| Untracked 
|  11|0x00000000a1b00000, 0x00000000a1c00000, 0x00000000a1c00000|100%| O|  |TAMS 0x00000000a1c00000, 0x00000000a1b00000| Untracked 
|  12|0x00000000a1c00000, 0x00000000a1cffa00, 0x00000000a1d00000| 99%| O|  |TAMS 0x00000000a1cffa00, 0x00000000a1c00000| Untracked 
|  13|0x00000000a1d00000, 0x00000000a1e00000, 0x00000000a1e00000|100%| O|  |TAMS 0x00000000a1e00000, 0x00000000a1d00000| Untracked 
|  14|0x00000000a1e00000, 0x00000000a1f00000, 0x00000000a1f00000|100%| O|  |TAMS 0x00000000a1f00000, 0x00000000a1e00000| Untracked 
|  15|0x00000000a1f00000, 0x00000000a1f00000, 0x00000000a2000000|  0%| F|  |TAMS 0x00000000a1f00000, 0x00000000a1f00000| Untracked 
|  16|0x00000000a2000000, 0x00000000a2100000, 0x00000000a2100000|100%| O|  |TAMS 0x00000000a2100000, 0x00000000a2000000| Untracked 
|  17|0x00000000a2100000, 0x00000000a2200000, 0x00000000a2200000|100%| O|  |TAMS 0x00000000a2200000, 0x00000000a2100000| Untracked 
|  18|0x00000000a2200000, 0x00000000a2300000, 0x00000000a2300000|100%| O|  |TAMS 0x00000000a2300000, 0x00000000a2200000| Untracked 
|  19|0x00000000a2300000, 0x00000000a2400000, 0x00000000a2400000|100%| O|  |TAMS 0x00000000a2400000, 0x00000000a2300000| Untracked 
|  20|0x00000000a2400000, 0x00000000a2500000, 0x00000000a2500000|100%| O|  |TAMS 0x00000000a2500000, 0x00000000a2400000| Untracked 
|  21|0x00000000a2500000, 0x00000000a2600000, 0x00000000a2600000|100%| O|  |TAMS 0x00000000a2600000, 0x00000000a2500000| Untracked 
|  22|0x00000000a2600000, 0x00000000a2700000, 0x00000000a2700000|100%| O|  |TAMS 0x00000000a2700000, 0x00000000a2600000| Untracked 
|  23|0x00000000a2700000, 0x00000000a2800000, 0x00000000a2800000|100%| O|  |TAMS 0x00000000a2800000, 0x00000000a2700000| Untracked 
|  24|0x00000000a2800000, 0x00000000a2900000, 0x00000000a2900000|100%| O|  |TAMS 0x00000000a2900000, 0x00000000a2800000| Untracked 
|  25|0x00000000a2900000, 0x00000000a2a00000, 0x00000000a2a00000|100%| O|  |TAMS 0x00000000a2a00000, 0x00000000a2900000| Untracked 
|  26|0x00000000a2a00000, 0x00000000a2a79800, 0x00000000a2b00000| 47%| O|  |TAMS 0x00000000a2a79800, 0x00000000a2a00000| Updating 
|  27|0x00000000a2b00000, 0x00000000a2b00000, 0x00000000a2c00000|  0%| F|  |TAMS 0x00000000a2b00000, 0x00000000a2b00000| Untracked 
|  28|0x00000000a2c00000, 0x00000000a2c00000, 0x00000000a2d00000|  0%| F|  |TAMS 0x00000000a2c00000, 0x00000000a2c00000| Untracked 
|  29|0x00000000a2d00000, 0x00000000a2d00000, 0x00000000a2e00000|  0%| F|  |TAMS 0x00000000a2d00000, 0x00000000a2d00000| Untracked 
|  30|0x00000000a2e00000, 0x00000000a2e00000, 0x00000000a2f00000|  0%| F|  |TAMS 0x00000000a2e00000, 0x00000000a2e00000| Untracked 
|  31|0x00000000a2f00000, 0x00000000a2f00000, 0x00000000a3000000|  0%| F|  |TAMS 0x00000000a2f00000, 0x00000000a2f00000| Untracked 
|  32|0x00000000a3000000, 0x00000000a3000000, 0x00000000a3100000|  0%| F|  |TAMS 0x00000000a3000000, 0x00000000a3000000| Untracked 
|  33|0x00000000a3100000, 0x00000000a3190ec0, 0x00000000a3200000| 56%| S|CS|TAMS 0x00000000a3100000, 0x00000000a3100000| Complete 
|  34|0x00000000a3200000, 0x00000000a3300000, 0x00000000a3300000|100%| S|CS|TAMS 0x00000000a3200000, 0x00000000a3200000| Complete 
|  35|0x00000000a3300000, 0x00000000a3300000, 0x00000000a3400000|  0%| F|  |TAMS 0x00000000a3300000, 0x00000000a3300000| Untracked 
|  36|0x00000000a3400000, 0x00000000a3400000, 0x00000000a3500000|  0%| F|  |TAMS 0x00000000a3400000, 0x00000000a3400000| Untracked 
|  37|0x00000000a3500000, 0x00000000a3500000, 0x00000000a3600000|  0%| F|  |TAMS 0x00000000a3500000, 0x00000000a3500000| Untracked 
|  38|0x00000000a3600000, 0x00000000a3600000, 0x00000000a3700000|  0%| F|  |TAMS 0x00000000a3600000, 0x00000000a3600000| Untracked 
|  39|0x00000000a3700000, 0x00000000a3700000, 0x00000000a3800000|  0%| F|  |TAMS 0x00000000a3700000, 0x00000000a3700000| Untracked 
|  40|0x00000000a3800000, 0x00000000a3800000, 0x00000000a3900000|  0%| F|  |TAMS 0x00000000a3800000, 0x00000000a3800000| Untracked 
|  41|0x00000000a3900000, 0x00000000a3900000, 0x00000000a3a00000|  0%| F|  |TAMS 0x00000000a3900000, 0x00000000a3900000| Untracked 
|  42|0x00000000a3a00000, 0x00000000a3a9c318, 0x00000000a3b00000| 61%| E|  |TAMS 0x00000000a3a00000, 0x00000000a3a00000| Complete 
|  43|0x00000000a3b00000, 0x00000000a3c00000, 0x00000000a3c00000|100%| E|CS|TAMS 0x00000000a3b00000, 0x00000000a3b00000| Complete 
|  44|0x00000000a3c00000, 0x00000000a3d00000, 0x00000000a3d00000|100%| E|CS|TAMS 0x00000000a3c00000, 0x00000000a3c00000| Complete 
|  45|0x00000000a3d00000, 0x00000000a3e00000, 0x00000000a3e00000|100%| E|CS|TAMS 0x00000000a3d00000, 0x00000000a3d00000| Complete 
|  46|0x00000000a3e00000, 0x00000000a3f00000, 0x00000000a3f00000|100%| E|CS|TAMS 0x00000000a3e00000, 0x00000000a3e00000| Complete 
|  47|0x00000000a3f00000, 0x00000000a4000000, 0x00000000a4000000|100%| E|CS|TAMS 0x00000000a3f00000, 0x00000000a3f00000| Complete 
|  86|0x00000000a6600000, 0x00000000a6700000, 0x00000000a6700000|100%| E|CS|TAMS 0x00000000a6600000, 0x00000000a6600000| Complete 
|  95|0x00000000a6f00000, 0x00000000a7000000, 0x00000000a7000000|100%| E|CS|TAMS 0x00000000a6f00000, 0x00000000a6f00000| Complete 

Card table byte_map: [0x000001c9fc190000,0x000001c9fc490000] _byte_map_base: 0x000001c9fbc88000

Marking Bits (Prev, Next): (CMBitMap*) 0x000001c9f716f3a0, (CMBitMap*) 0x000001c9f716f3e0
 Prev Bits: [0x000001c9fc790000, 0x000001c9fdf50000)
 Next Bits: [0x000001c9fdf50000, 0x000001c9ff710000)

Polling page: 0x000001c9f71f0000

Metaspace:

Usage:
  Non-class:     53.23 MB used.
      Class:      9.05 MB used.
       Both:     62.29 MB used.

Virtual space:
  Non-class space:       64.00 MB reserved,      53.56 MB ( 84%) committed,  1 nodes.
      Class space:        1.00 GB reserved,       9.31 MB ( <1%) committed,  1 nodes.
             Both:        1.06 GB reserved,      62.88 MB (  6%) committed. 

Chunk freelists:
   Non-Class:  10.36 MB
       Class:  6.67 MB
        Both:  17.03 MB

MaxMetaspaceSize: unlimited
CompressedClassSpaceSize: 1.00 GB
Initial GC threshold: 21.00 MB
Current GC threshold: 95.75 MB
CDS: on
MetaspaceReclaimPolicy: balanced
 - commit_granule_bytes: 65536.
 - commit_granule_words: 8192.
 - virtual_space_node_default_size: 8388608.
 - enlarge_chunks_in_place: 1.
 - new_chunks_are_fully_committed: 0.
 - uncommit_free_chunks: 1.
 - use_allocation_guard: 0.
 - handle_deallocations: 1.


Internal statistics:

num_allocs_failed_limit: 6.
num_arena_births: 800.
num_arena_deaths: 0.
num_vsnodes_births: 2.
num_vsnodes_deaths: 0.
num_space_committed: 1006.
num_space_uncommitted: 0.
num_chunks_returned_to_freelist: 6.
num_chunks_taken_from_freelist: 3017.
num_chunk_merges: 6.
num_chunk_splits: 2196.
num_chunks_enlarged: 1695.
num_inconsistent_stats: 0.

CodeCache: size=49152Kb used=10293Kb max_used=10293Kb free=38858Kb
 bounds [0x000001c9f89f0000, 0x000001c9f9400000, 0x000001c9fb9f0000]
 total_blobs=6159 nmethods=5466 adapters=619
 compilation: enabled
              stopped_count=0, restarted_count=0
 full_count=0

Compilation events (20 events):
Event: 19.612 Thread 0x000001c9ffd1ec90 5457       1       org.antlr.v4.runtime.atn.ActionTransition::getSerializationType (3 bytes)
Event: 19.612 Thread 0x000001c9ffd1ec90 nmethod 5457 0x000001c9f93fa310 code [0x000001c9f93fa4a0, 0x000001c9f93fa578]
Event: 19.614 Thread 0x000001c9ffd1ec90 5458       1       org.antlr.v4.runtime.atn.LexerATNSimulator::getReachableConfigSet (210 bytes)
Event: 19.614 Thread 0x000001c9d097d440 5459       1       org.antlr.v4.runtime.atn.ATNConfigSet::<init> (6 bytes)
Event: 19.614 Thread 0x000001c9d097d440 nmethod 5459 0x000001c9f93fa610 code [0x000001c9f93fa7a0, 0x000001c9f93fa888]
Event: 19.614 Thread 0x000001c9d097d440 5460       1       org.antlr.v4.runtime.atn.LexerATNSimulator::getLine (5 bytes)
Event: 19.614 Thread 0x000001c9d097d440 nmethod 5460 0x000001c9f93fa910 code [0x000001c9f93faaa0, 0x000001c9f93fab78]
Event: 19.614 Thread 0x000001c9d097d440 5461       1       org.antlr.v4.runtime.atn.LexerATNSimulator::getCharPositionInLine (5 bytes)
Event: 19.614 Thread 0x000001c9d097d440 nmethod 5461 0x000001c9f93fac10 code [0x000001c9f93fada0, 0x000001c9f93fae78]
Event: 19.614 Thread 0x000001c9d097d440 5462       1       org.antlr.v4.runtime.CodePointCharStream::mark (2 bytes)
Event: 19.614 Thread 0x000001c9d097d440 nmethod 5462 0x000001c9f93faf10 code [0x000001c9f93fb0a0, 0x000001c9f93fb178]
Event: 19.615 Thread 0x000001c9ffd1ec90 nmethod 5458 0x000001c9f93fb210 code [0x000001c9f93fb440, 0x000001c9f93fbca8]
Event: 19.615 Thread 0x000001c9ffd1ec90 5463       1       org.antlr.v4.runtime.atn.PlusLoopbackState::getStateType (3 bytes)
Event: 19.615 Thread 0x000001c9ffd1ec90 nmethod 5463 0x000001c9f93fc390 code [0x000001c9f93fc520, 0x000001c9f93fc5f8]
Event: 19.616 Thread 0x000001c9ffd1ec90 5464       1       org.antlr.v4.runtime.dfa.DFAState::hashCode (26 bytes)
Event: 19.616 Thread 0x000001c9d097d440 5465       1       org.antlr.v4.runtime.atn.ATNConfigSet::hashCode (39 bytes)
Event: 19.617 Thread 0x000001c9ffd1ec90 nmethod 5464 0x000001c9f93fc690 code [0x000001c9f93fc840, 0x000001c9f93fc968]
Event: 19.617 Thread 0x000001c9ffd1ec90 5466       1       org.antlr.v4.runtime.BufferedTokenStream::size (10 bytes)
Event: 19.617 Thread 0x000001c9ffd1ec90 nmethod 5466 0x000001c9f93fca90 code [0x000001c9f93fcc20, 0x000001c9f93fcd08]
Event: 19.617 Thread 0x000001c9d097d440 nmethod 5465 0x000001c9f93fcd90 code [0x000001c9f93fcf60, 0x000001c9f93fd278]

GC Heap History (20 events):
Event: 8.591 GC heap before
{Heap before GC invocations=10 (full 0):
 garbage-first heap   total 51200K, used 37056K [0x00000000a1000000, 0x0000000100000000)
  region size 1024K, 20 young (20480K), 2 survivors (2048K)
 Metaspace       used 35167K, committed 35648K, reserved 1114112K
  class space    used 4870K, committed 5056K, reserved 1048576K
}
Event: 8.594 GC heap after
{Heap after GC invocations=11 (full 0):
 garbage-first heap   total 51200K, used 20378K [0x00000000a1000000, 0x0000000100000000)
  region size 1024K, 1 young (1024K), 1 survivors (1024K)
 Metaspace       used 35167K, committed 35648K, reserved 1114112K
  class space    used 4870K, committed 5056K, reserved 1048576K
}
Event: 8.756 GC heap before
{Heap before GC invocations=11 (full 0):
 garbage-first heap   total 51200K, used 23450K [0x00000000a1000000, 0x0000000100000000)
  region size 1024K, 5 young (5120K), 1 survivors (1024K)
 Metaspace       used 35698K, committed 36160K, reserved 1114112K
  class space    used 4975K, committed 5184K, reserved 1048576K
}
Event: 8.758 GC heap after
{Heap after GC invocations=12 (full 0):
 garbage-first heap   total 51200K, used 20458K [0x00000000a1000000, 0x0000000100000000)
  region size 1024K, 1 young (1024K), 1 survivors (1024K)
 Metaspace       used 35698K, committed 36160K, reserved 1114112K
  class space    used 4975K, committed 5184K, reserved 1048576K
}
Event: 11.612 GC heap before
{Heap before GC invocations=13 (full 0):
 garbage-first heap   total 51200K, used 38890K [0x00000000a1000000, 0x0000000100000000)
  region size 1024K, 20 young (20480K), 1 survivors (1024K)
 Metaspace       used 42331K, committed 42880K, reserved 1114112K
  class space    used 5860K, committed 6144K, reserved 1048576K
}
Event: 11.616 GC heap after
{Heap after GC invocations=14 (full 0):
 garbage-first heap   total 51200K, used 21625K [0x00000000a1000000, 0x0000000100000000)
  region size 1024K, 3 young (3072K), 3 survivors (3072K)
 Metaspace       used 42331K, committed 42880K, reserved 1114112K
  class space    used 5860K, committed 6144K, reserved 1048576K
}
Event: 12.626 GC heap before
{Heap before GC invocations=14 (full 0):
 garbage-first heap   total 51200K, used 38009K [0x00000000a1000000, 0x0000000100000000)
  region size 1024K, 20 young (20480K), 3 survivors (3072K)
 Metaspace       used 45838K, committed 46336K, reserved 1114112K
  class space    used 6353K, committed 6592K, reserved 1048576K
}
Event: 12.630 GC heap after
{Heap after GC invocations=15 (full 0):
 garbage-first heap   total 51200K, used 22634K [0x00000000a1000000, 0x0000000100000000)
  region size 1024K, 3 young (3072K), 3 survivors (3072K)
 Metaspace       used 45838K, committed 46336K, reserved 1114112K
  class space    used 6353K, committed 6592K, reserved 1048576K
}
Event: 14.584 GC heap before
{Heap before GC invocations=15 (full 0):
 garbage-first heap   total 51200K, used 40042K [0x00000000a1000000, 0x0000000100000000)
  region size 1024K, 21 young (21504K), 3 survivors (3072K)
 Metaspace       used 51069K, committed 51584K, reserved 1114112K
  class space    used 7108K, committed 7360K, reserved 1048576K
}
Event: 14.588 GC heap after
{Heap after GC invocations=16 (full 0):
 garbage-first heap   total 51200K, used 23368K [0x00000000a1000000, 0x0000000100000000)
  region size 1024K, 2 young (2048K), 2 survivors (2048K)
 Metaspace       used 51069K, committed 51584K, reserved 1114112K
  class space    used 7108K, committed 7360K, reserved 1048576K
}
Event: 15.353 GC heap before
{Heap before GC invocations=16 (full 0):
 garbage-first heap   total 51200K, used 41800K [0x00000000a1000000, 0x0000000100000000)
  region size 1024K, 20 young (20480K), 2 survivors (2048K)
 Metaspace       used 54255K, committed 54848K, reserved 1114112K
  class space    used 7688K, committed 7936K, reserved 1048576K
}
Event: 15.355 GC heap after
{Heap after GC invocations=17 (full 0):
 garbage-first heap   total 51200K, used 23964K [0x00000000a1000000, 0x0000000100000000)
  region size 1024K, 2 young (2048K), 2 survivors (2048K)
 Metaspace       used 54255K, committed 54848K, reserved 1114112K
  class space    used 7688K, committed 7936K, reserved 1048576K
}
Event: 17.693 GC heap before
{Heap before GC invocations=17 (full 0):
 garbage-first heap   total 51200K, used 40348K [0x00000000a1000000, 0x0000000100000000)
  region size 1024K, 19 young (19456K), 2 survivors (2048K)
 Metaspace       used 58159K, committed 58752K, reserved 1114112K
  class space    used 8232K, committed 8512K, reserved 1048576K
}
Event: 17.697 GC heap after
{Heap after GC invocations=18 (full 0):
 garbage-first heap   total 51200K, used 24898K [0x00000000a1000000, 0x0000000100000000)
  region size 1024K, 3 young (3072K), 3 survivors (3072K)
 Metaspace       used 58159K, committed 58752K, reserved 1114112K
  class space    used 8232K, committed 8512K, reserved 1048576K
}
Event: 19.007 GC heap before
{Heap before GC invocations=19 (full 0):
 garbage-first heap   total 51200K, used 40258K [0x00000000a1000000, 0x0000000100000000)
  region size 1024K, 19 young (19456K), 3 survivors (3072K)
 Metaspace       used 60536K, committed 61056K, reserved 1114112K
  class space    used 8601K, committed 8832K, reserved 1048576K
}
Event: 19.011 GC heap after
{Heap after GC invocations=20 (full 0):
 garbage-first heap   total 51200K, used 26448K [0x00000000a1000000, 0x0000000100000000)
  region size 1024K, 3 young (3072K), 3 survivors (3072K)
 Metaspace       used 60536K, committed 61056K, reserved 1114112K
  class space    used 8601K, committed 8832K, reserved 1048576K
}
Event: 19.052 GC heap before
{Heap before GC invocations=20 (full 0):
 garbage-first heap   total 51200K, used 26448K [0x00000000a1000000, 0x0000000100000000)
  region size 1024K, 4 young (4096K), 3 survivors (3072K)
 Metaspace       used 60716K, committed 61312K, reserved 1114112K
  class space    used 8635K, committed 8896K, reserved 1048576K
}
Event: 19.057 GC heap after
{Heap after GC invocations=21 (full 0):
 garbage-first heap   total 51200K, used 26545K [0x00000000a1000000, 0x0000000100000000)
  region size 1024K, 1 young (1024K), 1 survivors (1024K)
 Metaspace       used 60716K, committed 61312K, reserved 1114112K
  class space    used 8635K, committed 8896K, reserved 1048576K
}
Event: 19.580 GC heap before
{Heap before GC invocations=21 (full 0):
 garbage-first heap   total 51200K, used 39857K [0x00000000a1000000, 0x0000000100000000)
  region size 1024K, 15 young (15360K), 1 survivors (1024K)
 Metaspace       used 63466K, committed 64064K, reserved 1114112K
  class space    used 9258K, committed 9536K, reserved 1048576K
}
Event: 19.583 GC heap after
{Heap after GC invocations=22 (full 0):
 garbage-first heap   total 51200K, used 27688K [0x00000000a1000000, 0x0000000100000000)
  region size 1024K, 2 young (2048K), 2 survivors (2048K)
 Metaspace       used 63466K, committed 64064K, reserved 1114112K
  class space    used 9258K, committed 9536K, reserved 1048576K
}

Deoptimization events (6 events):
Event: 3.513 Thread 0x000001c9cf555c50 DEOPT PACKING pc=0x000001c9f90d776c sp=0x0000007e638fc700
Event: 3.513 Thread 0x000001c9cf555c50 DEOPT UNPACKING pc=0x000001c9f8a42b43 sp=0x0000007e638fbbb8 mode 0
Event: 18.295 Thread 0x000001c9cf555c50 DEOPT PACKING pc=0x000001c9f936a6bc sp=0x0000007e638fbba0
Event: 18.295 Thread 0x000001c9cf555c50 DEOPT UNPACKING pc=0x000001c9f8a42b43 sp=0x0000007e638fb0f8 mode 0
Event: 18.490 Thread 0x000001c9cf555c50 DEOPT PACKING pc=0x000001c9f8f52a9a sp=0x0000007e638fbe50
Event: 18.490 Thread 0x000001c9cf555c50 DEOPT UNPACKING pc=0x000001c9f8a42b43 sp=0x0000007e638fb358 mode 3

Classes unloaded (0 events):
No events

Classes redefined (0 events):
No events

Internal exceptions (20 events):
Event: 15.382 Thread 0x000001c9cf555c50 Exception <a 'java/lang/NoSuchMethodError'{0x00000000a6f83f68}: 'java.lang.Object java.lang.invoke.DirectMethodHandle$Holder.newInvokeSpecial(java.lang.Object, java.lang.Object, int, java.lang.Object)'> (0x00000000a6f83f68) 
thrown [s\open\src\hotspot\share\interpreter\linkResolver.cpp, line 759]
Event: 15.382 Thread 0x000001c9cf555c50 Exception <a 'java/lang/NoSuchMethodError'{0x00000000a6f87b30}: 'java.lang.Object java.lang.invoke.Invokers$Holder.linkToTargetMethod(java.lang.Object, int, java.lang.Object, java.lang.Object)'> (0x00000000a6f87b30) 
thrown [s\open\src\hotspot\share\interpreter\linkResolver.cpp, line 759]
Event: 15.511 Thread 0x000001c9cf555c50 Exception <a 'java/lang/NoSuchMethodError'{0x00000000a66ba9c8}: 'void java.lang.invoke.DirectMethodHandle$Holder.invokeSpecial(java.lang.Object, java.lang.Object, int, java.lang.Object)'> (0x00000000a66ba9c8) 
thrown [s\open\src\hotspot\share\interpreter\linkResolver.cpp, line 759]
Event: 15.511 Thread 0x000001c9cf555c50 Exception <a 'java/lang/NoSuchMethodError'{0x00000000a66c1830}: 'java.lang.Object java.lang.invoke.DirectMethodHandle$Holder.newInvokeSpecial(java.lang.Object, java.lang.Object, int)'> (0x00000000a66c1830) 
thrown [s\open\src\hotspot\share\interpreter\linkResolver.cpp, line 759]
Event: 15.567 Thread 0x000001c9cf555c50 Exception <a 'java/lang/NoSuchMethodError'{0x00000000a3e3eff0}: 'int java.lang.invoke.DirectMethodHandle$Holder.invokeStatic(java.lang.Object, int, java.lang.Object)'> (0x00000000a3e3eff0) 
thrown [s\open\src\hotspot\share\interpreter\linkResolver.cpp, line 759]
Event: 15.569 Thread 0x000001c9cf555c50 Exception <a 'java/lang/NoSuchMethodError'{0x00000000a3e5d778}: 'java.lang.Object java.lang.invoke.DirectMethodHandle$Holder.newInvokeSpecial(java.lang.Object, java.lang.Object, java.lang.Object, java.lang.Object, java.lang.Object, int, java.lang.Object)'> (0x00000000a3e5d778) 
thrown [s\open\src\hotspot\share\interpreter\linkResolver.cpp, line 759]
Event: 15.575 Thread 0x000001c9cf555c50 Exception <a 'java/lang/NoSuchMethodError'{0x00000000a3e9bb28}: 'java.lang.Object java.lang.invoke.DirectMethodHandle$Holder.newInvokeSpecial(java.lang.Object, java.lang.Object, java.lang.Object, java.lang.Object, java.lang.Object, java.lang.Object, java.lang.Object, java.lang.Object, java.lang.Object, java.lang.Object, java.lang.Object, java.lang.Object)'> (0x00000000a3e9bb28) 
thrown [s\open\src\hotspot\share\interpreter\linkResolver.cpp, line 759]
Event: 15.575 Thread 0x000001c9cf555c50 Exception <a 'java/lang/NoSuchMethodError'{0x00000000a3ea05c0}: 'java.lang.Object java.lang.invoke.DirectMethodHandle$Holder.invokeSpecial(java.lang.Object, java.lang.Object, java.lang.Object, java.lang.Object, java.lang.Object, java.lang.Object, java.lang.Object, java.lang.Object, java.lang.Object, java.lang.Object, java.lang.Object, java.lang.Object, java.lang.Object)'> (0x00000000a3ea05c0) 
thrown [s\open\src\hotspot\share\interpreter\linkResolver.cpp, line 759]
Event: 15.575 Thread 0x000001c9cf555c50 Exception <a 'java/lang/NoSuchMethodError'{0x00000000a3ea4cd8}: 'java.lang.Object java.lang.invoke.Invokers$Holder.linkToTargetMethod(java.lang.Object, java.lang.Object, java.lang.Object, java.lang.Object, java.lang.Object, java.lang.Object, java.lang.Object, java.lang.Object, java.lang.Object, java.lang.Object, java.lang.Object, java.lang.Object)'> (0x00000000a3ea4cd8) 
thrown [s\open\src\hotspot\share\interpreter\linkResolver.cpp, line 759]
Event: 15.755 Thread 0x000001c9cf555c50 Exception <a 'java/lang/NoSuchMethodError'{0x00000000a3b116b0}: 'java.lang.Object java.lang.invoke.DirectMethodHandle$Holder.newInvokeSpecial(java.lang.Object, java.lang.Object, int, java.lang.Object, int, java.lang.Object, java.lang.Object)'> (0x00000000a3b116b0) 
thrown [s\open\src\hotspot\share\interpreter\linkResolver.cpp, line 759]
Event: 15.792 Thread 0x000001c9cf555c50 Exception <a 'java/lang/NoSuchMethodError'{0x00000000a3bc9da8}: 'java.lang.Object java.lang.invoke.DirectMethodHandle$Holder.newInvokeSpecial(java.lang.Object, java.lang.Object, java.lang.Object, java.lang.Object, java.lang.Object, java.lang.Object, java.lang.Object, int)'> (0x00000000a3bc9da8) 
thrown [s\open\src\hotspot\share\interpreter\linkResolver.cpp, line 759]
Event: 15.793 Thread 0x000001c9cf555c50 Exception <a 'java/lang/NoSuchMethodError'{0x00000000a3bceda0}: 'java.lang.Object java.lang.invoke.DirectMethodHandle$Holder.invokeSpecial(java.lang.Object, java.lang.Object, java.lang.Object, java.lang.Object, java.lang.Object, java.lang.Object, java.lang.Object, java.lang.Object, int)'> (0x00000000a3bceda0) 
thrown [s\open\src\hotspot\share\interpreter\linkResolver.cpp, line 759]
Event: 15.793 Thread 0x000001c9cf555c50 Exception <a 'java/lang/NoSuchMethodError'{0x00000000a3bd3868}: 'java.lang.Object java.lang.invoke.Invokers$Holder.linkToTargetMethod(java.lang.Object, java.lang.Object, java.lang.Object, java.lang.Object, java.lang.Object, java.lang.Object, int, java.lang.Object)'> (0x00000000a3bd3868) 
thrown [s\open\src\hotspot\share\interpreter\linkResolver.cpp, line 759]
Event: 15.810 Thread 0x000001c9cf555c50 Exception <a 'java/lang/NoSuchMethodError'{0x00000000a3a780d0}: 'void java.lang.invoke.DirectMethodHandle$Holder.invokeInterface(java.lang.Object, java.lang.Object)'> (0x00000000a3a780d0) 
thrown [s\open\src\hotspot\share\interpreter\linkResolver.cpp, line 759]
Event: 17.196 Thread 0x000001c9cf555c50 Exception <a 'java/lang/NoSuchMethodError'{0x00000000a344b998}: 'java.lang.Object java.lang.invoke.DirectMethodHandle$Holder.invokeSpecial(java.lang.Object, java.lang.Object, int, java.lang.Object, int)'> (0x00000000a344b998) 
thrown [s\open\src\hotspot\share\interpreter\linkResolver.cpp, line 759]
Event: 17.731 Thread 0x000001c9cf555c50 Exception <a 'java/lang/IncompatibleClassChangeError'{0x00000000a6688230}: Found class java.lang.Object, but interface was expected> (0x00000000a6688230) 
thrown [s\open\src\hotspot\share\interpreter\linkResolver.cpp, line 826]
Event: 17.808 Thread 0x000001c9cf555c50 Exception <a 'java/lang/IncompatibleClassChangeError'{0x00000000a3f04f18}: Found class java.lang.Object, but interface was expected> (0x00000000a3f04f18) 
thrown [s\open\src\hotspot\share\interpreter\linkResolver.cpp, line 826]
Event: 17.901 Thread 0x000001c9cf555c50 Exception <a 'java/lang/IncompatibleClassChangeError'{0x00000000a3e96590}: Found class java.lang.Object, but interface was expected> (0x00000000a3e96590) 
thrown [s\open\src\hotspot\share\interpreter\linkResolver.cpp, line 826]
Event: 18.397 Thread 0x000001c9cf555c50 Exception <a 'java/lang/IncompatibleClassChangeError'{0x00000000a37a8f60}: Found class java.lang.Object, but interface was expected> (0x00000000a37a8f60) 
thrown [s\open\src\hotspot\share\interpreter\linkResolver.cpp, line 826]
Event: 19.389 Thread 0x000001c9cf555c50 Exception <a 'java/lang/reflect/InvocationTargetException'{0x00000000a38ab350}> (0x00000000a38ab350) 
thrown [s\open\src\hotspot\share\runtime\reflection.cpp, line 1121]

VM Operations (20 events):
Event: 17.753 Executing VM operation: G1Concurrent done
Event: 18.295 Executing VM operation: HandshakeAllThreads
Event: 18.295 Executing VM operation: HandshakeAllThreads done
Event: 18.450 Executing VM operation: HandshakeAllThreads
Event: 18.450 Executing VM operation: HandshakeAllThreads done
Event: 18.450 Executing VM operation: HandshakeAllThreads
Event: 18.450 Executing VM operation: HandshakeAllThreads done
Event: 19.006 Executing VM operation: G1CollectForAllocation
Event: 19.011 Executing VM operation: G1CollectForAllocation done
Event: 19.052 Executing VM operation: G1CollectForAllocation
Event: 19.057 Executing VM operation: G1CollectForAllocation done
Event: 19.074 Executing VM operation: HandshakeAllThreads
Event: 19.074 Executing VM operation: HandshakeAllThreads done
Event: 19.077 Executing VM operation: HandshakeAllThreads
Event: 19.077 Executing VM operation: HandshakeAllThreads done
Event: 19.334 Executing VM operation: HandshakeAllThreads
Event: 19.334 Executing VM operation: HandshakeAllThreads done
Event: 19.580 Executing VM operation: G1CollectForAllocation
Event: 19.583 Executing VM operation: G1CollectForAllocation done
Event: 19.631 Executing VM operation: G1Concurrent

Events (20 events):
Event: 18.319 loading class java/util/WeakHashMap$EntryIterator
Event: 18.319 loading class java/util/WeakHashMap$EntryIterator done
Event: 18.441 loading class java/lang/Package$1PackageInfoProxy
Event: 18.441 loading class java/lang/Package$1PackageInfoProxy done
Event: 18.604 loading class java/util/stream/ReduceOps$5
Event: 18.626 loading class java/util/stream/ReduceOps$5 done
Event: 18.626 loading class java/util/stream/ReduceOps$CountingSink$OfRef
Event: 18.627 loading class java/util/stream/ReduceOps$CountingSink
Event: 18.632 loading class java/util/stream/ReduceOps$CountingSink done
Event: 18.632 loading class java/util/stream/ReduceOps$CountingSink$OfRef done
Event: 18.839 loading class java/util/regex/Pattern$Bound
Event: 18.857 loading class java/util/regex/Pattern$Bound done
Event: 18.858 loading class java/util/regex/Pattern$Behind
Event: 18.858 loading class java/util/regex/Pattern$Behind done
Event: 18.865 loading class java/util/regex/Pattern$1
Event: 18.865 loading class java/util/regex/Pattern$1 done
Event: 19.031 loading class java/util/EmptyStackException
Event: 19.031 loading class java/util/EmptyStackException done
Event: 19.058 loading class java/util/ArrayList$ListItr
Event: 19.073 loading class java/util/ArrayList$ListItr done


Dynamic libraries:
0x00007ff6091c0000 - 0x00007ff6091d0000 	C:\Program Files\Java\jdk-17\bin\javaw.exe
0x00007ffaaa710000 - 0x00007ffaaa908000 	C:\Windows\SYSTEM32\ntdll.dll
0x00007ffaa8740000 - 0x00007ffaa8801000 	C:\Windows\System32\KERNEL32.DLL
0x00007ffaa83d0000 - 0x00007ffaa86cd000 	C:\Windows\System32\KERNELBASE.dll
0x00007ffaa82d0000 - 0x00007ffaa83d0000 	C:\Windows\System32\ucrtbase.dll
0x00007ffa95160000 - 0x00007ffa9517b000 	C:\Program Files\Java\jdk-17\bin\VCRUNTIME140.dll
0x00007ffa95140000 - 0x00007ffa95159000 	C:\Program Files\Java\jdk-17\bin\jli.dll
0x00007ffaa95e0000 - 0x00007ffaa9690000 	C:\Windows\System32\ADVAPI32.dll
0x00007ffaa94c0000 - 0x00007ffaa955e000 	C:\Windows\System32\msvcrt.dll
0x00007ffaa96f0000 - 0x00007ffaa9790000 	C:\Windows\System32\sechost.dll
0x00007ffaa89a0000 - 0x00007ffaa8ac3000 	C:\Windows\System32\RPCRT4.dll
0x00007ffaa82a0000 - 0x00007ffaa82c7000 	C:\Windows\System32\bcrypt.dll
0x00007ffaaa4b0000 - 0x00007ffaaa64d000 	C:\Windows\System32\USER32.dll
0x00007ffaa8270000 - 0x00007ffaa8292000 	C:\Windows\System32\win32u.dll
0x00007ffaa8cb0000 - 0x00007ffaa8cdb000 	C:\Windows\System32\GDI32.dll
0x00007ffaa7ef0000 - 0x00007ffaa8007000 	C:\Windows\System32\gdi32full.dll
0x00007ffaa7e50000 - 0x00007ffaa7eed000 	C:\Windows\System32\msvcp_win.dll
0x00007ffa8f9b0000 - 0x00007ffa8fc4a000 	C:\Windows\WinSxS\amd64_microsoft.windows.common-controls_6595b64144ccf1df_6.0.19041.4355_none_60b8b9eb71f62e16\COMCTL32.dll
0x00007ffa9fe50000 - 0x00007ffa9fe5a000 	C:\Windows\SYSTEM32\VERSION.dll
0x00007ffaa8960000 - 0x00007ffaa898f000 	C:\Windows\System32\IMM32.DLL
0x00007ffaa4510000 - 0x00007ffaa451c000 	C:\Program Files\Java\jdk-17\bin\vcruntime140_1.dll
0x00007ffa8ad20000 - 0x00007ffa8adae000 	C:\Program Files\Java\jdk-17\bin\msvcp140.dll
0x00007ffa625b0000 - 0x00007ffa63190000 	C:\Program Files\Java\jdk-17\bin\server\jvm.dll
0x00007ffaa8990000 - 0x00007ffaa8998000 	C:\Windows\System32\PSAPI.DLL
0x00007ffa9fe60000 - 0x00007ffa9fe87000 	C:\Windows\SYSTEM32\WINMM.dll
0x00007ffa9d2b0000 - 0x00007ffa9d2b9000 	C:\Windows\SYSTEM32\WSOCK32.dll
0x00007ffaaa1b0000 - 0x00007ffaaa21b000 	C:\Windows\System32\WS2_32.dll
0x00007ffaa5c60000 - 0x00007ffaa5c72000 	C:\Windows\SYSTEM32\kernel.appcore.dll
0x00007ffa9a7a0000 - 0x00007ffa9a7aa000 	C:\Program Files\Java\jdk-17\bin\jimage.dll
0x00007ffaa1630000 - 0x00007ffaa1814000 	C:\Windows\SYSTEM32\DBGHELP.DLL
0x00007ffa94200000 - 0x00007ffa94234000 	C:\Windows\SYSTEM32\dbgcore.DLL
0x00007ffaa7dc0000 - 0x00007ffaa7e42000 	C:\Windows\System32\bcryptPrimitives.dll
0x00007ffa95060000 - 0x00007ffa95085000 	C:\Program Files\Java\jdk-17\bin\java.dll
0x00007ffa8a890000 - 0x00007ffa8a967000 	C:\Program Files\Java\jdk-17\bin\jsvml.dll
0x00007ffaa9860000 - 0x00007ffaa9fcf000 	C:\Windows\System32\SHELL32.dll
0x00007ffaa5e60000 - 0x00007ffaa65ff000 	C:\Windows\SYSTEM32\windows.storage.dll
0x00007ffaa9160000 - 0x00007ffaa94b3000 	C:\Windows\System32\combase.dll
0x00007ffaa7770000 - 0x00007ffaa779e000 	C:\Windows\SYSTEM32\Wldp.dll
0x00007ffaa9790000 - 0x00007ffaa985d000 	C:\Windows\System32\OLEAUT32.dll
0x00007ffaa8c00000 - 0x00007ffaa8cad000 	C:\Windows\System32\SHCORE.dll
0x00007ffaa8870000 - 0x00007ffaa88c5000 	C:\Windows\System32\shlwapi.dll
0x00007ffaa7cf0000 - 0x00007ffaa7d14000 	C:\Windows\SYSTEM32\profapi.dll
0x00007ffa94d70000 - 0x00007ffa94d89000 	C:\Program Files\Java\jdk-17\bin\net.dll
0x00007ffaa2070000 - 0x00007ffaa217d000 	C:\Windows\SYSTEM32\WINHTTP.dll
0x00007ffaa7470000 - 0x00007ffaa74da000 	C:\Windows\system32\mswsock.dll
0x00007ffa93480000 - 0x00007ffa93496000 	C:\Program Files\Java\jdk-17\bin\nio.dll
0x00007ffa93460000 - 0x00007ffa93478000 	C:\Program Files\Java\jdk-17\bin\zip.dll
0x00007ffa96250000 - 0x00007ffa9625a000 	C:\Program Files\Java\jdk-17\bin\management.dll
0x00007ffa961a0000 - 0x00007ffa961ab000 	C:\Program Files\Java\jdk-17\bin\management_ext.dll
0x00007ffa67840000 - 0x00007ffa67857000 	C:\Windows\system32\napinsp.dll
0x00007ffa67950000 - 0x00007ffa6796b000 	C:\Windows\system32\pnrpnsp.dll
0x00007ffa8cc00000 - 0x00007ffa8cc15000 	C:\Windows\system32\wshbth.dll
0x00007ffaa5080000 - 0x00007ffaa509d000 	C:\Windows\system32\NLAapi.dll
0x00007ffaa7150000 - 0x00007ffaa718b000 	C:\Windows\SYSTEM32\IPHLPAPI.DLL
0x00007ffaa7190000 - 0x00007ffaa725a000 	C:\Windows\SYSTEM32\DNSAPI.dll
0x00007ffaa8bf0000 - 0x00007ffaa8bf8000 	C:\Windows\System32\NSI.dll
0x00007ffa67f90000 - 0x00007ffa67fa2000 	C:\Windows\System32\winrnr.dll
0x00007ffa9baa0000 - 0x00007ffa9baaa000 	C:\Windows\System32\rasadhlp.dll
0x00007ffa9bcc0000 - 0x00007ffa9bd40000 	C:\Windows\System32\fwpuclnt.dll
0x00007ffaa7660000 - 0x00007ffaa7678000 	C:\Windows\SYSTEM32\CRYPTSP.dll
0x00007ffaa6d90000 - 0x00007ffaa6dc4000 	C:\Windows\system32\rsaenh.dll
0x00007ffaa7c60000 - 0x00007ffaa7c8e000 	C:\Windows\SYSTEM32\USERENV.dll
0x00007ffaa7680000 - 0x00007ffaa768c000 	C:\Windows\SYSTEM32\CRYPTBASE.dll
0x00007ffaa24c0000 - 0x00007ffaa24d7000 	C:\Windows\SYSTEM32\dhcpcsvc6.DLL
0x00007ffaa2640000 - 0x00007ffaa265d000 	C:\Windows\SYSTEM32\dhcpcsvc.DLL
0x00007ffa95130000 - 0x00007ffa9513e000 	C:\Program Files\Java\jdk-17\bin\sunmscapi.dll
0x00007ffaa8110000 - 0x00007ffaa826e000 	C:\Windows\System32\CRYPT32.dll
0x00007ffaa77e0000 - 0x00007ffaa7809000 	C:\Windows\SYSTEM32\ncrypt.dll
0x00007ffaa77a0000 - 0x00007ffaa77db000 	C:\Windows\SYSTEM32\NTASN1.dll
0x00007ffa94370000 - 0x00007ffa94380000 	C:\Program Files\Java\jdk-17\bin\verify.dll

dbghelp: loaded successfully - version: 4.0.5 - missing functions: none
symbol engine: initialized successfully - sym options: 0x614 - pdb path: .;C:\Program Files\Java\jdk-17\bin;C:\Windows\SYSTEM32;C:\Windows\WinSxS\amd64_microsoft.windows.common-controls_6595b64144ccf1df_6.0.19041.4355_none_60b8b9eb71f62e16;C:\Program Files\Java\jdk-17\bin\server

VM Arguments:
jvm_args: -Dcom.sun.management.jmxremote -Dcom.sun.management.jmxremote.port=49986 -Dcom.sun.management.jmxremote.authenticate=false -Dcom.sun.management.jmxremote.ssl=false -Djava.rmi.server.hostname=localhost -Dspring.jmx.enabled=true -Dmanagement.endpoints.jmx.exposure.include=* -Dspring.application.admin.enabled=true -XX:TieredStopAtLevel=1 -Dspring.boot.project.name=MotherBoardBack-End -Dfile.encoding=UTF-8 -Dstdout.encoding=UTF-8 -Dstderr.encoding=UTF-8 -XX:+ShowCodeDetailsInExceptionMessages 
java_command: com.MotherBoard.Admin.MotherBoardBackEndApplication --spring.output.ansi.enabled=always
java_class_path (initial): C:\TCC\TCC\TCC-FINAL-BACKEND\MotherBoardWeb\MotherBoardBack-End\target\classes;C:\TCC\TCC\TCC-FINAL-BACKEND\MotherBoardComum\target\classes;C:\Users\myornis\.m2\repository\org\springframework\boot\spring-boot-starter-data-jpa\3.3.2\spring-boot-starter-data-jpa-3.3.2.jar;C:\Users\myornis\.m2\repository\org\springframework\boot\spring-boot-starter-aop\3.3.2\spring-boot-starter-aop-3.3.2.jar;C:\Users\myornis\.m2\repository\org\aspectj\aspectjweaver\1.9.22.1\aspectjweaver-1.9.22.1.jar;C:\Users\myornis\.m2\repository\org\springframework\boot\spring-boot-starter-jdbc\3.3.2\spring-boot-starter-jdbc-3.3.2.jar;C:\Users\myornis\.m2\repository\com\zaxxer\HikariCP\5.1.0\HikariCP-5.1.0.jar;C:\Users\myornis\.m2\repository\org\springframework\spring-jdbc\6.1.11\spring-jdbc-6.1.11.jar;C:\Users\myornis\.m2\repository\org\hibernate\orm\hibernate-core\6.5.2.Final\hibernate-core-6.5.2.Final.jar;C:\Users\myornis\.m2\repository\jakarta\persistence\jakarta.persistence-api\3.1.0\jakarta.persistence-api-3.1.0.jar;C:\Users\myornis\.m2\repository\jakarta\transaction\jakarta.transaction-api\2.0.1\jakarta.transaction-api-2.0.1.jar;C:\Users\myornis\.m2\repository\org\jboss\logging\jboss-logging\3.5.3.Final\jboss-logging-3.5.3.Final.jar;C:\Users\myornis\.m2\repository\org\hibernate\common\hibernate-commons-annotations\6.0.6.Final\hibernate-commons-annotations-6.0.6.Final.jar;C:\Users\myornis\.m2\repository\io\smallrye\jandex\3.1.2\jandex-3.1.2.jar;C:\Users\myornis\.m2\repository\com\fasterxml\classmate\1.7.0\classmate-1.7.0.jar;C:\Users\myornis\.m2\repository\org\glassfish\jaxb\jaxb-runtime\4.0.5\jaxb-runtime-4.0.5.jar;C:\Users\myornis\.m2\repository\org\glassfish\jaxb\jaxb-core\4.0.5\jaxb-core-4.0.5.jar;C:\Users\myornis\.m2\repository\org\eclipse\angus\angus-activation\2.0.2\angus-activation-2.0.2.jar;C:\Users\myornis\.m2\repository\org\glassfish\jaxb\txw2\4.0.5\txw2-4.0.5.jar;C:\Users\myornis\.m2\repository\com\sun\istack\istack-commons-runtime\4.1.2\istack-commons-
Launcher Type: SUN_STANDARD

[Global flags]
     intx CICompilerCount                          = 3                                         {product} {ergonomic}
     uint ConcGCThreads                            = 1                                         {product} {ergonomic}
     uint G1ConcRefinementThreads                  = 4                                         {product} {ergonomic}
   size_t G1HeapRegionSize                         = 1048576                                   {product} {ergonomic}
    uintx GCDrainStackTargetSize                   = 64                                        {product} {ergonomic}
   size_t InitialHeapSize                          = 100663296                                 {product} {ergonomic}
     bool ManagementServer                         = true                                      {product} {command line}
   size_t MarkStackSize                            = 4194304                                   {product} {ergonomic}
   size_t MaxHeapSize                              = 1593835520                                {product} {ergonomic}
   size_t MaxNewSize                               = 956301312                                 {product} {ergonomic}
   size_t MinHeapDeltaBytes                        = 1048576                                   {product} {ergonomic}
   size_t MinHeapSize                              = 8388608                                   {product} {ergonomic}
    uintx NonProfiledCodeHeapSize                  = 0                                      {pd product} {ergonomic}
     bool ProfileInterpreter                       = false                                  {pd product} {command line}
    uintx ProfiledCodeHeapSize                     = 0                                      {pd product} {ergonomic}
     bool ShowCodeDetailsInExceptionMessages       = true                                   {manageable} {command line}
   size_t SoftMaxHeapSize                          = 1593835520                             {manageable} {ergonomic}
     intx TieredStopAtLevel                        = 1                                         {product} {command line}
     bool UseCompressedClassPointers               = true                           {product lp64_product} {ergonomic}
     bool UseCompressedOops                        = true                           {product lp64_product} {ergonomic}
     bool UseG1GC                                  = true                                      {product} {ergonomic}
     bool UseLargePagesIndividualAllocation        = false                                  {pd product} {ergonomic}

Logging:
Log output configuration:
 #0: stdout all=warning uptime,level,tags
 #1: stderr all=off uptime,level,tags

Environment Variables:
JAVA_HOME=C:\Program Files\Java\jdk-17
PATH=C:/Program Files/STS-4.24.0//plugins/org.eclipse.justj.openjdk.hotspot.jre.full.win32.x86_64_21.0.3.v20240426-1530/jre/bin/server;C:/Program Files/STS-4.24.0//plugins/org.eclipse.justj.openjdk.hotspot.jre.full.win32.x86_64_21.0.3.v20240426-1530/jre/bin;C:\Program Files\Java\jdk-17\bin;C:\Program Files\Common Files\Oracle\Java\javapath;C:\Windows\system32;C:\Windows;C:\Windows\System32\Wbem;C:\Windows\System32\WindowsPowerShell\v1.0\;C:\Windows\System32\OpenSSH\;C:\Program Files\Git\cmd;C:\Program Files (x86)\Microsoft SQL Server\160\Tools\Binn\;C:\Program Files\Microsoft SQL Server\160\Tools\Binn\;C:\Program Files\Microsoft SQL Server\Client SDK\ODBC\170\Tools\Binn\;C:\Program Files\Microsoft SQL Server\160\DTS\Binn\;C:\Program Files (x86)\Microsoft SQL Server\160\DTS\Binn\;C:\Users\myornis\AppData\Local\Microsoft\WindowsApps;C:\Users\myornis\AppData\Local\Programs\Microsoft VS Code\bin;C:\Program Files\STS-4.24.0;
USERNAME=myornis
OS=Windows_NT
PROCESSOR_IDENTIFIER=AMD64 Family 23 Model 24 Stepping 1, AuthenticAMD



---------------  S Y S T E M  ---------------

OS:
 Windows 10 , 64 bit Build 19041 (10.0.19041.4717)
OS uptime: 4 days 9:44 hours

CPU: total 4 (initial active 4) (4 cores per cpu, 2 threads per core) family 23 model 24 stepping 1 microcode 0x0, cx8, cmov, fxsr, ht, mmx, 3dnowpref, sse, sse2, sse3, ssse3, sse4a, sse4.1, sse4.2, popcnt, lzcnt, tsc, tscinvbit, avx, avx2, aes, clmul, bmi1, bmi2, adx, sha, fma, vzeroupper, clflush, clflushopt

Memory: 4k page, system-wide physical 6073M (488M free)
TotalPageFile size 24505M (AvailPageFile size 5M)
current process WorkingSet (physical memory assigned to process): 191M, peak: 191M
current process commit charge ("private bytes"): 223M, peak: 233M

vm_info: Java HotSpot(TM) 64-Bit Server VM (17.0.12+8-LTS-286) for windows-amd64 JRE (17.0.12+8-LTS-286), built on Jun  5 2024 06:46:59 by "mach5one" with MS VC++ 17.6 (VS2022)

END.
